<?xml version="1.0" encoding="UTF-8"?>
<!-- Generated by org.testng.reporters.JUnitReportReporter -->
<testsuite hostname="WINDOWS-FNODLIV" name="Pages.LoginPage" tests="1" failures="0" timestamp="21 Aug 2022 18:51:20 GMT" time="4.023" errors="0">
  <testcase name="openbrowser" time="4.023" classname="Pages.LoginPage"/>
</testsuite> <!-- Pages.LoginPage -->
