<?xml version="1.0" encoding="UTF-8"?>
<!-- Generated by org.testng.reporters.JUnitReportReporter -->
<testsuite hostname="WINDOWS-FNODLIV" name="Pages.LoginPage" tests="1" failures="0" timestamp="24 Aug 2022 21:18:11 GMT" time="3.646" errors="0">
  <testcase name="openbrowser" time="3.646" classname="Pages.LoginPage"/>
</testsuite> <!-- Pages.LoginPage -->
