<?xml version="1.0" encoding="UTF-8"?>
<!-- Generated by org.testng.reporters.JUnitReportReporter -->
<testsuite hostname="WINDOWS-FNODLIV" name="Pages.ItemPage" tests="1" failures="0" timestamp="24 Aug 2022 13:12:57 GMT" time="4.361" errors="0">
  <testcase name="viewProducts" time="4.361" classname="Pages.ItemPage"/>
</testsuite> <!-- Pages.ItemPage -->
