<?xml version="1.0" encoding="UTF-8"?>
<!-- Generated by org.testng.reporters.JUnitReportReporter -->
<testsuite hostname="WINDOWS-FNODLIV" name="Pages.LoginPage" tests="1" failures="0" timestamp="24 Aug 2022 13:12:57 GMT" time="1.902" errors="0">
  <testcase name="openbrowser" time="1.902" classname="Pages.LoginPage"/>
</testsuite> <!-- Pages.LoginPage -->
