<?xml version="1.0" encoding="UTF-8"?>
<!-- Generated by org.testng.reporters.JUnitReportReporter -->
<testsuite hostname="WINDOWS-FNODLIV" name="Pages.ProductPage" tests="1" failures="0" timestamp="24 Aug 2022 13:12:57 GMT" time="2.015" errors="0">
  <testcase name="viewProducts" time="2.015" classname="Pages.ProductPage"/>
</testsuite> <!-- Pages.ProductPage -->
